Compiling the C compiler identification source file "CMakeCCompilerId.c" failed.
Compiler: /Applications/Xcode.app/Contents/Developer/Toolchains/XcodeDefault.xctoolchain/usr/bin/cc 
Build flags: 
Id flags:  

The output was:
1
ld: library 'System' not found
clang: error: linker command failed with exit code 1 (use -v to see invocation)


Compiling the CXX compiler identification source file "CMakeCXXCompilerId.cpp" failed.
Compiler: /Applications/Xcode.app/Contents/Developer/Toolchains/XcodeDefault.xctoolchain/usr/bin/c++ 
Build flags: 
Id flags:  

The output was:
1
ld: library 'c++' not found
clang: error: linker command failed with exit code 1 (use -v to see invocation)


Detecting C OpenMP failed with the following output:
Change Dir: /Users/sofiasavilampi/Ziz/Build/CMakeFiles/CMakeTmp

Run Build Command(s):/usr/bin/make -f Makefile cmTC_9e073/fast && /Applications/Xcode.app/Contents/Developer/usr/bin/make  -f CMakeFiles/cmTC_9e073.dir/build.make CMakeFiles/cmTC_9e073.dir/build
Building C object CMakeFiles/cmTC_9e073.dir/OpenMPTryFlag.c.o
/Applications/Xcode.app/Contents/Developer/Toolchains/XcodeDefault.xctoolchain/usr/bin/cc   -mmacosx-version-min=10.6 -O3 -DOSX -fopenmp=libomp -v -arch x86_64 -isysroot /Applications/Xcode.app/Contents/Developer/Platforms/MacOSX.platform/Developer/SDKs/MacOSX14.5.sdk -MD -MT CMakeFiles/cmTC_9e073.dir/OpenMPTryFlag.c.o -MF CMakeFiles/cmTC_9e073.dir/OpenMPTryFlag.c.o.d -o CMakeFiles/cmTC_9e073.dir/OpenMPTryFlag.c.o -c /Users/sofiasavilampi/Ziz/Build/CMakeFiles/FindOpenMP/OpenMPTryFlag.c
Apple clang version 15.0.0 (clang-1500.3.9.4)
Target: x86_64-apple-darwin23.6.0
Thread model: posix
InstalledDir: /Applications/Xcode.app/Contents/Developer/Toolchains/XcodeDefault.xctoolchain/usr/bin
clang: error: unsupported argument 'libomp' to option '-fopenmp='
make[1]: *** [CMakeFiles/cmTC_9e073.dir/OpenMPTryFlag.c.o] Error 1
make: *** [cmTC_9e073/fast] Error 2



Detecting C OpenMP failed with the following output:
Change Dir: /Users/sofiasavilampi/Ziz/Build/CMakeFiles/CMakeTmp

Run Build Command(s):/usr/bin/make -f Makefile cmTC_b3d9c/fast && /Applications/Xcode.app/Contents/Developer/usr/bin/make  -f CMakeFiles/cmTC_b3d9c.dir/build.make CMakeFiles/cmTC_b3d9c.dir/build
Building C object CMakeFiles/cmTC_b3d9c.dir/OpenMPTryFlag.c.o
/Applications/Xcode.app/Contents/Developer/Toolchains/XcodeDefault.xctoolchain/usr/bin/cc   -mmacosx-version-min=10.6 -O3 -DOSX -fopenmp=libiomp5 -v -arch x86_64 -isysroot /Applications/Xcode.app/Contents/Developer/Platforms/MacOSX.platform/Developer/SDKs/MacOSX14.5.sdk -MD -MT CMakeFiles/cmTC_b3d9c.dir/OpenMPTryFlag.c.o -MF CMakeFiles/cmTC_b3d9c.dir/OpenMPTryFlag.c.o.d -o CMakeFiles/cmTC_b3d9c.dir/OpenMPTryFlag.c.o -c /Users/sofiasavilampi/Ziz/Build/CMakeFiles/FindOpenMP/OpenMPTryFlag.c
Apple clang version 15.0.0 (clang-1500.3.9.4)
Target: x86_64-apple-darwin23.6.0
Thread model: posix
InstalledDir: /Applications/Xcode.app/Contents/Developer/Toolchains/XcodeDefault.xctoolchain/usr/bin
clang: error: unsupported argument 'libiomp5' to option '-fopenmp='
make[1]: *** [CMakeFiles/cmTC_b3d9c.dir/OpenMPTryFlag.c.o] Error 1
make: *** [cmTC_b3d9c/fast] Error 2



Detecting C OpenMP failed with the following output:
Change Dir: /Users/sofiasavilampi/Ziz/Build/CMakeFiles/CMakeTmp

Run Build Command(s):/usr/bin/make -f Makefile cmTC_af3d4/fast && /Applications/Xcode.app/Contents/Developer/usr/bin/make  -f CMakeFiles/cmTC_af3d4.dir/build.make CMakeFiles/cmTC_af3d4.dir/build
Building C object CMakeFiles/cmTC_af3d4.dir/OpenMPTryFlag.c.o
/Applications/Xcode.app/Contents/Developer/Toolchains/XcodeDefault.xctoolchain/usr/bin/cc   -mmacosx-version-min=10.6 -O3 -DOSX -fopenmp -v -arch x86_64 -isysroot /Applications/Xcode.app/Contents/Developer/Platforms/MacOSX.platform/Developer/SDKs/MacOSX14.5.sdk -MD -MT CMakeFiles/cmTC_af3d4.dir/OpenMPTryFlag.c.o -MF CMakeFiles/cmTC_af3d4.dir/OpenMPTryFlag.c.o.d -o CMakeFiles/cmTC_af3d4.dir/OpenMPTryFlag.c.o -c /Users/sofiasavilampi/Ziz/Build/CMakeFiles/FindOpenMP/OpenMPTryFlag.c
Apple clang version 15.0.0 (clang-1500.3.9.4)
Target: x86_64-apple-darwin23.6.0
Thread model: posix
InstalledDir: /Applications/Xcode.app/Contents/Developer/Toolchains/XcodeDefault.xctoolchain/usr/bin
clang: error: unsupported option '-fopenmp'
make[1]: *** [CMakeFiles/cmTC_af3d4.dir/OpenMPTryFlag.c.o] Error 1
make: *** [cmTC_af3d4/fast] Error 2



Detecting C OpenMP failed with the following output:
Change Dir: /Users/sofiasavilampi/Ziz/Build/CMakeFiles/CMakeTmp

Run Build Command(s):/usr/bin/make -f Makefile cmTC_faf19/fast && /Applications/Xcode.app/Contents/Developer/usr/bin/make  -f CMakeFiles/cmTC_faf19.dir/build.make CMakeFiles/cmTC_faf19.dir/build
Building C object CMakeFiles/cmTC_faf19.dir/OpenMPTryFlag.c.o
/Applications/Xcode.app/Contents/Developer/Toolchains/XcodeDefault.xctoolchain/usr/bin/cc   -mmacosx-version-min=10.6 -O3 -DOSX -Xclang -fopenmp -v -arch x86_64 -isysroot /Applications/Xcode.app/Contents/Developer/Platforms/MacOSX.platform/Developer/SDKs/MacOSX14.5.sdk -MD -MT CMakeFiles/cmTC_faf19.dir/OpenMPTryFlag.c.o -MF CMakeFiles/cmTC_faf19.dir/OpenMPTryFlag.c.o.d -o CMakeFiles/cmTC_faf19.dir/OpenMPTryFlag.c.o -c /Users/sofiasavilampi/Ziz/Build/CMakeFiles/FindOpenMP/OpenMPTryFlag.c
Apple clang version 15.0.0 (clang-1500.3.9.4)
Target: x86_64-apple-darwin23.6.0
Thread model: posix
InstalledDir: /Applications/Xcode.app/Contents/Developer/Toolchains/XcodeDefault.xctoolchain/usr/bin
 "/Applications/Xcode.app/Contents/Developer/Toolchains/XcodeDefault.xctoolchain/usr/bin/clang" -cc1 -triple x86_64-apple-macosx10.6.0 -Wundef-prefix=TARGET_OS_ -Wdeprecated-objc-isa-usage -Werror=deprecated-objc-isa-usage -Werror=implicit-function-declaration -emit-obj --mrelax-relocations -disable-free -clear-ast-before-backend -disable-llvm-verifier -discard-value-names -main-file-name OpenMPTryFlag.c -mrelocation-model pic -pic-level 2 -mframe-pointer=all -mllvm -extra-vectorizer-passes -fno-strict-return -ffp-contract=on -fno-rounding-math -funwind-tables=2 -faligned-alloc-unavailable -target-sdk-version=14.5 -fvisibility-inlines-hidden-static-local-var -target-cpu core2 -tune-cpu generic -debugger-tuning=lldb -target-linker-version 1053.12 -v -fcoverage-compilation-dir=/Users/sofiasavilampi/Ziz/Build/CMakeFiles/CMakeTmp -resource-dir /Applications/Xcode.app/Contents/Developer/Toolchains/XcodeDefault.xctoolchain/usr/lib/clang/15.0.0 -dependency-file CMakeFiles/cmTC_faf19.dir/OpenMPTryFlag.c.o.d -skip-unused-modulemap-deps -MT CMakeFiles/cmTC_faf19.dir/OpenMPTryFlag.c.o -sys-header-deps -isysroot /Applications/Xcode.app/Contents/Developer/Platforms/MacOSX.platform/Developer/SDKs/MacOSX14.5.sdk -D OSX -internal-isystem /Applications/Xcode.app/Contents/Developer/Platforms/MacOSX.platform/Developer/SDKs/MacOSX14.5.sdk/usr/local/include -internal-isystem /Applications/Xcode.app/Contents/Developer/Toolchains/XcodeDefault.xctoolchain/usr/lib/clang/15.0.0/include -internal-externc-isystem /Applications/Xcode.app/Contents/Developer/Platforms/MacOSX.platform/Developer/SDKs/MacOSX14.5.sdk/usr/include -internal-externc-isystem /Applications/Xcode.app/Contents/Developer/Toolchains/XcodeDefault.xctoolchain/usr/include -O3 -Wno-reorder-init-list -Wno-implicit-int-float-conversion -Wno-c99-designator -Wno-final-dtor-non-final-class -Wno-extra-semi-stmt -Wno-misleading-indentation -Wno-quoted-include-in-framework-header -Wno-implicit-fallthrough -Wno-enum-enum-conversion -Wno-enum-float-conversion -Wno-elaborated-enum-base -Wno-reserved-identifier -Wno-gnu-folding-constant -fdebug-compilation-dir=/Users/sofiasavilampi/Ziz/Build/CMakeFiles/CMakeTmp -ferror-limit 19 -stack-protector 1 -mdarwin-stkchk-strong-link -fblocks -fencode-extended-block-signature -fregister-global-dtors-with-atexit -fgnuc-version=4.2.1 -fmax-type-align=16 -fcommon -vectorize-loops -vectorize-slp -fopenmp -clang-vendor-feature=+disableNonDependentMemberExprInCurrentInstantiation -fno-odr-hash-protocols -clang-vendor-feature=+enableAggressiveVLAFolding -clang-vendor-feature=+revert09abecef7bbf -clang-vendor-feature=+thisNoAlignAttr -clang-vendor-feature=+thisNoNullAttr -mllvm -disable-aligned-alloc-awareness=1 -D__GCC_HAVE_DWARF2_CFI_ASM=1 -o CMakeFiles/cmTC_faf19.dir/OpenMPTryFlag.c.o -x c /Users/sofiasavilampi/Ziz/Build/CMakeFiles/FindOpenMP/OpenMPTryFlag.c
clang -cc1 version 15.0.0 (clang-1500.3.9.4) default target x86_64-apple-darwin23.6.0
ignoring nonexistent directory "/Applications/Xcode.app/Contents/Developer/Platforms/MacOSX.platform/Developer/SDKs/MacOSX14.5.sdk/usr/local/include"
ignoring nonexistent directory "/Applications/Xcode.app/Contents/Developer/Platforms/MacOSX.platform/Developer/SDKs/MacOSX14.5.sdk/Library/Frameworks"
#include "..." search starts here:
#include <...> search starts here:
 /Applications/Xcode.app/Contents/Developer/Toolchains/XcodeDefault.xctoolchain/usr/lib/clang/15.0.0/include
 /Applications/Xcode.app/Contents/Developer/Platforms/MacOSX.platform/Developer/SDKs/MacOSX14.5.sdk/usr/include
 /Applications/Xcode.app/Contents/Developer/Toolchains/XcodeDefault.xctoolchain/usr/include
 /Applications/Xcode.app/Contents/Developer/Platforms/MacOSX.platform/Developer/SDKs/MacOSX14.5.sdk/System/Library/Frameworks (framework directory)
End of search list.
/Users/sofiasavilampi/Ziz/Build/CMakeFiles/FindOpenMP/OpenMPTryFlag.c:2:10: fatal error: 'omp.h' file not found
#include <omp.h>
         ^~~~~~~
1 error generated.
make[1]: *** [CMakeFiles/cmTC_faf19.dir/OpenMPTryFlag.c.o] Error 1
make: *** [cmTC_faf19/fast] Error 2



Detecting CXX OpenMP failed with the following output:
Change Dir: /Users/sofiasavilampi/Ziz/Build/CMakeFiles/CMakeTmp

Run Build Command(s):/usr/bin/make -f Makefile cmTC_8c631/fast && /Applications/Xcode.app/Contents/Developer/usr/bin/make  -f CMakeFiles/cmTC_8c631.dir/build.make CMakeFiles/cmTC_8c631.dir/build
Building CXX object CMakeFiles/cmTC_8c631.dir/OpenMPTryFlag.cpp.o
/Applications/Xcode.app/Contents/Developer/Toolchains/XcodeDefault.xctoolchain/usr/bin/c++   -mmacosx-version-min=10.6 -O3 -DOSX -fopenmp=libomp -v -arch x86_64 -isysroot /Applications/Xcode.app/Contents/Developer/Platforms/MacOSX.platform/Developer/SDKs/MacOSX14.5.sdk -MD -MT CMakeFiles/cmTC_8c631.dir/OpenMPTryFlag.cpp.o -MF CMakeFiles/cmTC_8c631.dir/OpenMPTryFlag.cpp.o.d -o CMakeFiles/cmTC_8c631.dir/OpenMPTryFlag.cpp.o -c /Users/sofiasavilampi/Ziz/Build/CMakeFiles/FindOpenMP/OpenMPTryFlag.cpp
Apple clang version 15.0.0 (clang-1500.3.9.4)
Target: x86_64-apple-darwin23.6.0
Thread model: posix
InstalledDir: /Applications/Xcode.app/Contents/Developer/Toolchains/XcodeDefault.xctoolchain/usr/bin
clang: error: unsupported argument 'libomp' to option '-fopenmp='
make[1]: *** [CMakeFiles/cmTC_8c631.dir/OpenMPTryFlag.cpp.o] Error 1
make: *** [cmTC_8c631/fast] Error 2



Detecting CXX OpenMP failed with the following output:
Change Dir: /Users/sofiasavilampi/Ziz/Build/CMakeFiles/CMakeTmp

Run Build Command(s):/usr/bin/make -f Makefile cmTC_63f2f/fast && /Applications/Xcode.app/Contents/Developer/usr/bin/make  -f CMakeFiles/cmTC_63f2f.dir/build.make CMakeFiles/cmTC_63f2f.dir/build
Building CXX object CMakeFiles/cmTC_63f2f.dir/OpenMPTryFlag.cpp.o
/Applications/Xcode.app/Contents/Developer/Toolchains/XcodeDefault.xctoolchain/usr/bin/c++   -mmacosx-version-min=10.6 -O3 -DOSX -fopenmp=libiomp5 -v -arch x86_64 -isysroot /Applications/Xcode.app/Contents/Developer/Platforms/MacOSX.platform/Developer/SDKs/MacOSX14.5.sdk -MD -MT CMakeFiles/cmTC_63f2f.dir/OpenMPTryFlag.cpp.o -MF CMakeFiles/cmTC_63f2f.dir/OpenMPTryFlag.cpp.o.d -o CMakeFiles/cmTC_63f2f.dir/OpenMPTryFlag.cpp.o -c /Users/sofiasavilampi/Ziz/Build/CMakeFiles/FindOpenMP/OpenMPTryFlag.cpp
Apple clang version 15.0.0 (clang-1500.3.9.4)
Target: x86_64-apple-darwin23.6.0
Thread model: posix
InstalledDir: /Applications/Xcode.app/Contents/Developer/Toolchains/XcodeDefault.xctoolchain/usr/bin
clang: error: unsupported argument 'libiomp5' to option '-fopenmp='
make[1]: *** [CMakeFiles/cmTC_63f2f.dir/OpenMPTryFlag.cpp.o] Error 1
make: *** [cmTC_63f2f/fast] Error 2



Detecting CXX OpenMP failed with the following output:
Change Dir: /Users/sofiasavilampi/Ziz/Build/CMakeFiles/CMakeTmp

Run Build Command(s):/usr/bin/make -f Makefile cmTC_fbb1e/fast && /Applications/Xcode.app/Contents/Developer/usr/bin/make  -f CMakeFiles/cmTC_fbb1e.dir/build.make CMakeFiles/cmTC_fbb1e.dir/build
Building CXX object CMakeFiles/cmTC_fbb1e.dir/OpenMPTryFlag.cpp.o
/Applications/Xcode.app/Contents/Developer/Toolchains/XcodeDefault.xctoolchain/usr/bin/c++   -mmacosx-version-min=10.6 -O3 -DOSX -fopenmp -v -arch x86_64 -isysroot /Applications/Xcode.app/Contents/Developer/Platforms/MacOSX.platform/Developer/SDKs/MacOSX14.5.sdk -MD -MT CMakeFiles/cmTC_fbb1e.dir/OpenMPTryFlag.cpp.o -MF CMakeFiles/cmTC_fbb1e.dir/OpenMPTryFlag.cpp.o.d -o CMakeFiles/cmTC_fbb1e.dir/OpenMPTryFlag.cpp.o -c /Users/sofiasavilampi/Ziz/Build/CMakeFiles/FindOpenMP/OpenMPTryFlag.cpp
Apple clang version 15.0.0 (clang-1500.3.9.4)
Target: x86_64-apple-darwin23.6.0
Thread model: posix
InstalledDir: /Applications/Xcode.app/Contents/Developer/Toolchains/XcodeDefault.xctoolchain/usr/bin
clang: error: unsupported option '-fopenmp'
make[1]: *** [CMakeFiles/cmTC_fbb1e.dir/OpenMPTryFlag.cpp.o] Error 1
make: *** [cmTC_fbb1e/fast] Error 2



Detecting CXX OpenMP failed with the following output:
Change Dir: /Users/sofiasavilampi/Ziz/Build/CMakeFiles/CMakeTmp

Run Build Command(s):/usr/bin/make -f Makefile cmTC_73801/fast && /Applications/Xcode.app/Contents/Developer/usr/bin/make  -f CMakeFiles/cmTC_73801.dir/build.make CMakeFiles/cmTC_73801.dir/build
Building CXX object CMakeFiles/cmTC_73801.dir/OpenMPTryFlag.cpp.o
/Applications/Xcode.app/Contents/Developer/Toolchains/XcodeDefault.xctoolchain/usr/bin/c++   -mmacosx-version-min=10.6 -O3 -DOSX -Xclang -fopenmp -v -arch x86_64 -isysroot /Applications/Xcode.app/Contents/Developer/Platforms/MacOSX.platform/Developer/SDKs/MacOSX14.5.sdk -MD -MT CMakeFiles/cmTC_73801.dir/OpenMPTryFlag.cpp.o -MF CMakeFiles/cmTC_73801.dir/OpenMPTryFlag.cpp.o.d -o CMakeFiles/cmTC_73801.dir/OpenMPTryFlag.cpp.o -c /Users/sofiasavilampi/Ziz/Build/CMakeFiles/FindOpenMP/OpenMPTryFlag.cpp
Apple clang version 15.0.0 (clang-1500.3.9.4)
Target: x86_64-apple-darwin23.6.0
Thread model: posix
InstalledDir: /Applications/Xcode.app/Contents/Developer/Toolchains/XcodeDefault.xctoolchain/usr/bin
 "/Applications/Xcode.app/Contents/Developer/Toolchains/XcodeDefault.xctoolchain/usr/bin/clang" -cc1 -triple x86_64-apple-macosx10.6.0 -Wundef-prefix=TARGET_OS_ -Wdeprecated-objc-isa-usage -Werror=deprecated-objc-isa-usage -Werror=implicit-function-declaration -emit-obj --mrelax-relocations -disable-free -clear-ast-before-backend -disable-llvm-verifier -discard-value-names -main-file-name OpenMPTryFlag.cpp -mrelocation-model pic -pic-level 2 -mframe-pointer=all -mllvm -extra-vectorizer-passes -fno-strict-return -ffp-contract=on -fno-rounding-math -funwind-tables=2 -faligned-alloc-unavailable -target-sdk-version=14.5 -fvisibility-inlines-hidden-static-local-var -target-cpu core2 -tune-cpu generic -debugger-tuning=lldb -target-linker-version 1053.12 -v -fcoverage-compilation-dir=/Users/sofiasavilampi/Ziz/Build/CMakeFiles/CMakeTmp -resource-dir /Applications/Xcode.app/Contents/Developer/Toolchains/XcodeDefault.xctoolchain/usr/lib/clang/15.0.0 -dependency-file CMakeFiles/cmTC_73801.dir/OpenMPTryFlag.cpp.o.d -skip-unused-modulemap-deps -MT CMakeFiles/cmTC_73801.dir/OpenMPTryFlag.cpp.o -sys-header-deps -isysroot /Applications/Xcode.app/Contents/Developer/Platforms/MacOSX.platform/Developer/SDKs/MacOSX14.5.sdk -D OSX -internal-isystem /Applications/Xcode.app/Contents/Developer/Platforms/MacOSX.platform/Developer/SDKs/MacOSX14.5.sdk/usr/include/c++/v1 -internal-isystem /Applications/Xcode.app/Contents/Developer/Platforms/MacOSX.platform/Developer/SDKs/MacOSX14.5.sdk/usr/local/include -internal-isystem /Applications/Xcode.app/Contents/Developer/Toolchains/XcodeDefault.xctoolchain/usr/lib/clang/15.0.0/include -internal-externc-isystem /Applications/Xcode.app/Contents/Developer/Platforms/MacOSX.platform/Developer/SDKs/MacOSX14.5.sdk/usr/include -internal-externc-isystem /Applications/Xcode.app/Contents/Developer/Toolchains/XcodeDefault.xctoolchain/usr/include -O3 -Wno-reorder-init-list -Wno-implicit-int-float-conversion -Wno-c99-designator -Wno-final-dtor-non-final-class -Wno-extra-semi-stmt -Wno-misleading-indentation -Wno-quoted-include-in-framework-header -Wno-implicit-fallthrough -Wno-enum-enum-conversion -Wno-enum-float-conversion -Wno-elaborated-enum-base -Wno-reserved-identifier -Wno-gnu-folding-constant -fdeprecated-macro -fdebug-compilation-dir=/Users/sofiasavilampi/Ziz/Build/CMakeFiles/CMakeTmp -ferror-limit 19 -stack-protector 1 -mdarwin-stkchk-strong-link -fblocks -fencode-extended-block-signature -fregister-global-dtors-with-atexit -fgnuc-version=4.2.1 -fno-cxx-modules -fcxx-exceptions -fexceptions -fmax-type-align=16 -fcommon -vectorize-loops -vectorize-slp -fopenmp -clang-vendor-feature=+disableNonDependentMemberExprInCurrentInstantiation -fno-odr-hash-protocols -clang-vendor-feature=+enableAggressiveVLAFolding -clang-vendor-feature=+revert09abecef7bbf -clang-vendor-feature=+thisNoAlignAttr -clang-vendor-feature=+thisNoNullAttr -mllvm -disable-aligned-alloc-awareness=1 -D__GCC_HAVE_DWARF2_CFI_ASM=1 -o CMakeFiles/cmTC_73801.dir/OpenMPTryFlag.cpp.o -x c++ /Users/sofiasavilampi/Ziz/Build/CMakeFiles/FindOpenMP/OpenMPTryFlag.cpp
clang -cc1 version 15.0.0 (clang-1500.3.9.4) default target x86_64-apple-darwin23.6.0
ignoring nonexistent directory "/Applications/Xcode.app/Contents/Developer/Platforms/MacOSX.platform/Developer/SDKs/MacOSX14.5.sdk/usr/local/include"
ignoring nonexistent directory "/Applications/Xcode.app/Contents/Developer/Platforms/MacOSX.platform/Developer/SDKs/MacOSX14.5.sdk/Library/Frameworks"
#include "..." search starts here:
#include <...> search starts here:
 /Applications/Xcode.app/Contents/Developer/Platforms/MacOSX.platform/Developer/SDKs/MacOSX14.5.sdk/usr/include/c++/v1
 /Applications/Xcode.app/Contents/Developer/Toolchains/XcodeDefault.xctoolchain/usr/lib/clang/15.0.0/include
 /Applications/Xcode.app/Contents/Developer/Platforms/MacOSX.platform/Developer/SDKs/MacOSX14.5.sdk/usr/include
 /Applications/Xcode.app/Contents/Developer/Toolchains/XcodeDefault.xctoolchain/usr/include
 /Applications/Xcode.app/Contents/Developer/Platforms/MacOSX.platform/Developer/SDKs/MacOSX14.5.sdk/System/Library/Frameworks (framework directory)
End of search list.
/Users/sofiasavilampi/Ziz/Build/CMakeFiles/FindOpenMP/OpenMPTryFlag.cpp:2:10: fatal error: 'omp.h' file not found
#include <omp.h>
         ^~~~~~~
1 error generated.
make[1]: *** [CMakeFiles/cmTC_73801.dir/OpenMPTryFlag.cpp.o] Error 1
make: *** [cmTC_73801/fast] Error 2



